This is pdfTeX, Version 3.14159265-2.6-1.40.16 (TeX Live 2015/Debian) (preloaded format=pdflatex 2018.10.16)  10 DEC 2018 14:35
entering extended mode
 restricted \write18 enabled.
 %&-line parsing enabled.
**report.tex
(./report.tex
LaTeX2e <2016/02/01>
Babel <3.9q> and hyphenation patterns for 5 language(s) loaded.
(/usr/share/texlive/texmf-dist/tex/latex/base/article.cls
Document Class: article 2014/09/29 v1.4h Standard LaTeX document class
(/usr/share/texlive/texmf-dist/tex/latex/base/size11.clo
File: size11.clo 2014/09/29 v1.4h Standard LaTeX file (size option)
)
\c@part=\count79
\c@section=\count80
\c@subsection=\count81
\c@subsubsection=\count82
\c@paragraph=\count83
\c@subparagraph=\count84
\c@figure=\count85
\c@table=\count86
\abovecaptionskip=\skip41
\belowcaptionskip=\skip42
\bibindent=\dimen102
)
(/usr/share/texlive/texmf-dist/tex/latex/graphics/graphicx.sty
Package: graphicx 2014/10/28 v1.0g Enhanced LaTeX Graphics (DPC,SPQR)

(/usr/share/texlive/texmf-dist/tex/latex/graphics/keyval.sty
Package: keyval 2014/10/28 v1.15 key=value parser (DPC)
\KV@toks@=\toks14
)
(/usr/share/texlive/texmf-dist/tex/latex/graphics/graphics.sty
Package: graphics 2016/01/03 v1.0q Standard LaTeX Graphics (DPC,SPQR)

(/usr/share/texlive/texmf-dist/tex/latex/graphics/trig.sty
Package: trig 2016/01/03 v1.10 sin cos tan (DPC)
)
(/usr/share/texlive/texmf-dist/tex/latex/latexconfig/graphics.cfg
File: graphics.cfg 2010/04/23 v1.9 graphics configuration of TeX Live
)
Package graphics Info: Driver file: pdftex.def on input line 95.

(/usr/share/texlive/texmf-dist/tex/latex/pdftex-def/pdftex.def
File: pdftex.def 2011/05/27 v0.06d Graphics/color for pdfTeX

(/usr/share/texlive/texmf-dist/tex/generic/oberdiek/infwarerr.sty
Package: infwarerr 2010/04/08 v1.3 Providing info/warning/error messages (HO)
)
(/usr/share/texlive/texmf-dist/tex/generic/oberdiek/ltxcmds.sty
Package: ltxcmds 2011/11/09 v1.22 LaTeX kernel commands for general use (HO)
)
\Gread@gobject=\count87
))
\Gin@req@height=\dimen103
\Gin@req@width=\dimen104
)
(/usr/share/texlive/texmf-dist/tex/latex/listings/listings.sty
\lst@mode=\count88
\lst@gtempboxa=\box26
\lst@token=\toks15
\lst@length=\count89
\lst@currlwidth=\dimen105
\lst@column=\count90
\lst@pos=\count91
\lst@lostspace=\dimen106
\lst@width=\dimen107
\lst@newlines=\count92
\lst@lineno=\count93
\lst@maxwidth=\dimen108

(/usr/share/texlive/texmf-dist/tex/latex/listings/lstmisc.sty
File: lstmisc.sty 2015/06/04 1.6 (Carsten Heinz)
\c@lstnumber=\count94
\lst@skipnumbers=\count95
\lst@framebox=\box27
)
(/usr/share/texlive/texmf-dist/tex/latex/listings/listings.cfg
File: listings.cfg 2015/06/04 1.6 listings configuration
))
Package: listings 2015/06/04 1.6 (Carsten Heinz)

(/usr/share/texlive/texmf-dist/tex/latex/geometry/geometry.sty
Package: geometry 2010/09/12 v5.6 Page Geometry

(/usr/share/texlive/texmf-dist/tex/generic/oberdiek/ifpdf.sty
Package: ifpdf 2011/01/30 v2.3 Provides the ifpdf switch (HO)
Package ifpdf Info: pdfTeX in PDF mode is detected.
)
(/usr/share/texlive/texmf-dist/tex/generic/oberdiek/ifvtex.sty
Package: ifvtex 2010/03/01 v1.5 Detect VTeX and its facilities (HO)
Package ifvtex Info: VTeX not detected.
)
(/usr/share/texlive/texmf-dist/tex/generic/ifxetex/ifxetex.sty
Package: ifxetex 2010/09/12 v0.6 Provides ifxetex conditional
)
\Gm@cnth=\count96
\Gm@cntv=\count97
\c@Gm@tempcnt=\count98
\Gm@bindingoffset=\dimen109
\Gm@wd@mp=\dimen110
\Gm@odd@mp=\dimen111
\Gm@even@mp=\dimen112
\Gm@layoutwidth=\dimen113
\Gm@layoutheight=\dimen114
\Gm@layouthoffset=\dimen115
\Gm@layoutvoffset=\dimen116
\Gm@dimlist=\toks16
)
(/usr/share/texlive/texmf-dist/tex/latex/placeins/placeins.sty
Package: placeins 2005/04/18  v 2.2
)
(/usr/share/texlive/texmf-dist/tex/latex/float/float.sty
Package: float 2001/11/08 v1.3d Float enhancements (AL)
\c@float@type=\count99
\float@exts=\toks17
\float@box=\box28
\@float@everytoks=\toks18
\@floatcapt=\box29
)
(/usr/share/texlive/texmf-dist/tex/latex/listings/lstlang1.sty
File: lstlang1.sty 2015/06/04 1.6 listings language file
)
(/usr/share/texlive/texmf-dist/tex/latex/tools/indentfirst.sty
Package: indentfirst 1995/11/23 v1.03 Indent first paragraph (DPC)
) (./report.aux)
\openout1 = `report.aux'.

LaTeX Font Info:    Checking defaults for OML/cmm/m/it on input line 13.
LaTeX Font Info:    ... okay on input line 13.
LaTeX Font Info:    Checking defaults for T1/cmr/m/n on input line 13.
LaTeX Font Info:    ... okay on input line 13.
LaTeX Font Info:    Checking defaults for OT1/cmr/m/n on input line 13.
LaTeX Font Info:    ... okay on input line 13.
LaTeX Font Info:    Checking defaults for OMS/cmsy/m/n on input line 13.
LaTeX Font Info:    ... okay on input line 13.
LaTeX Font Info:    Checking defaults for OMX/cmex/m/n on input line 13.
LaTeX Font Info:    ... okay on input line 13.
LaTeX Font Info:    Checking defaults for U/cmr/m/n on input line 13.
LaTeX Font Info:    ... okay on input line 13.

(/usr/share/texlive/texmf-dist/tex/context/base/supp-pdf.mkii
[Loading MPS to PDF converter (version 2006.09.02).]
\scratchcounter=\count100
\scratchdimen=\dimen117
\scratchbox=\box30
\nofMPsegments=\count101
\nofMParguments=\count102
\everyMPshowfont=\toks19
\MPscratchCnt=\count103
\MPscratchDim=\dimen118
\MPnumerator=\count104
\makeMPintoPDFobject=\count105
\everyMPtoPDFconversion=\toks20
) (/usr/share/texlive/texmf-dist/tex/generic/oberdiek/pdftexcmds.sty
Package: pdftexcmds 2011/11/29 v0.20 Utility functions of pdfTeX for LuaTeX (HO
)

(/usr/share/texlive/texmf-dist/tex/generic/oberdiek/ifluatex.sty
Package: ifluatex 2010/03/01 v1.3 Provides the ifluatex switch (HO)
Package ifluatex Info: LuaTeX not detected.
)
Package pdftexcmds Info: LuaTeX not detected.
Package pdftexcmds Info: \pdf@primitive is available.
Package pdftexcmds Info: \pdf@ifprimitive is available.
Package pdftexcmds Info: \pdfdraftmode found.
)
(/usr/share/texlive/texmf-dist/tex/latex/oberdiek/epstopdf-base.sty
Package: epstopdf-base 2010/02/09 v2.5 Base part for package epstopdf

(/usr/share/texlive/texmf-dist/tex/latex/oberdiek/grfext.sty
Package: grfext 2010/08/19 v1.1 Manage graphics extensions (HO)

(/usr/share/texlive/texmf-dist/tex/generic/oberdiek/kvdefinekeys.sty
Package: kvdefinekeys 2011/04/07 v1.3 Define keys (HO)
))
(/usr/share/texlive/texmf-dist/tex/latex/oberdiek/kvoptions.sty
Package: kvoptions 2011/06/30 v3.11 Key value format for package options (HO)

(/usr/share/texlive/texmf-dist/tex/generic/oberdiek/kvsetkeys.sty
Package: kvsetkeys 2012/04/25 v1.16 Key value parser (HO)

(/usr/share/texlive/texmf-dist/tex/generic/oberdiek/etexcmds.sty
Package: etexcmds 2011/02/16 v1.5 Avoid name clashes with e-TeX commands (HO)
Package etexcmds Info: Could not find \expanded.
(etexcmds)             That can mean that you are not using pdfTeX 1.50 or
(etexcmds)             that some package has redefined \expanded.
(etexcmds)             In the latter case, load this package earlier.
)))
Package grfext Info: Graphics extension search list:
(grfext)             [.png,.pdf,.jpg,.mps,.jpeg,.jbig2,.jb2,.PNG,.PDF,.JPG,.JPE
G,.JBIG2,.JB2,.eps]
(grfext)             \AppendGraphicsExtensions on input line 452.

(/usr/share/texlive/texmf-dist/tex/latex/latexconfig/epstopdf-sys.cfg
File: epstopdf-sys.cfg 2010/07/13 v1.3 Configuration of (r)epstopdf for TeX Liv
e
))
\c@lstlisting=\count106

*geometry* driver: auto-detecting
*geometry* detected driver: pdftex
*geometry* verbose mode - [ preamble ] result:
* driver: pdftex
* paper: <default>
* layout: <same size as paper>
* layoutoffset:(h,v)=(0.0pt,0.0pt)
* modes: 
* h-part:(L,W,R)=(72.26999pt, 469.75502pt, 72.26999pt)
* v-part:(T,H,B)=(72.26999pt, 650.43001pt, 72.26999pt)
* \paperwidth=614.295pt
* \paperheight=794.96999pt
* \textwidth=469.75502pt
* \textheight=650.43001pt
* \oddsidemargin=0.0pt
* \evensidemargin=0.0pt
* \topmargin=-37.0pt
* \headheight=12.0pt
* \headsep=25.0pt
* \topskip=11.0pt
* \footskip=30.0pt
* \marginparwidth=59.0pt
* \marginparsep=10.0pt
* \columnsep=10.0pt
* \skip\footins=10.0pt plus 4.0pt minus 2.0pt
* \hoffset=0.0pt
* \voffset=0.0pt
* \mag=1000
* \@twocolumnfalse
* \@twosidefalse
* \@mparswitchfalse
* \@reversemarginfalse
* (1in=72.27pt=25.4mm, 1cm=28.453pt)

LaTeX Font Info:    External font `cmex10' loaded for size
(Font)              <12> on input line 14.
LaTeX Font Info:    External font `cmex10' loaded for size
(Font)              <8> on input line 14.
LaTeX Font Info:    External font `cmex10' loaded for size
(Font)              <6> on input line 14.
Missing character: There is no â in font cmr10!
Missing character: There is no € in font cmr10!
Missing character: There is no ™ in font cmr10!
Missing character: There is no â in font cmr10!
Missing character: There is no € in font cmr10!
Missing character: There is no ™ in font cmr10!
Missing character: There is no â in font cmr10!
Missing character: There is no € in font cmr10!
Missing character: There is no ™ in font cmr10!
Missing character: There is no â in font cmr10!
Missing character: There is no € in font cmr10!
Missing character: There is no ™ in font cmr10!
[1

{/var/lib/texmf/fonts/map/pdftex/updmap/pdftex.map}]
Missing character: There is no â in font cmr10!
Missing character: There is no € in font cmr10!
Missing character: There is no ™ in font cmr10!
Missing character: There is no â in font cmr10!
Missing character: There is no € in font cmr10!
Missing character: There is no ™ in font cmr10!
Missing character: There is no â in font cmr10!
Missing character: There is no € in font cmr10!
Missing character: There is no ™ in font cmr10!

<complaint1.png, id=10, 433.62pt x 289.08pt>
File: complaint1.png Graphic file (type png)
 <use complaint1.png>
Package pdftex.def Info: complaint1.png used on input line 37.
(pdftex.def)             Requested size: 234.8775pt x 156.58607pt.

<complaint2.png, id=12, 433.62pt x 289.08pt>
File: complaint2.png Graphic file (type png)
 <use complaint2.png>
Package pdftex.def Info: complaint2.png used on input line 41.
(pdftex.def)             Requested size: 234.8775pt x 156.58607pt.

<complaint3.png, id=13, 433.62pt x 289.08pt>
File: complaint3.png Graphic file (type png)
 <use complaint3.png>
Package pdftex.def Info: complaint3.png used on input line 42.
(pdftex.def)             Requested size: 234.8775pt x 156.58607pt.

Overfull \hbox (2.43332pt too wide) in paragraph at lines 41--43
[][] [] 
 []

[2 <./complaint1.png> <./complaint2.png> <./complaint3.png>]
<settle1.png, id=20, 433.62pt x 289.08pt>
File: settle1.png Graphic file (type png)
 <use settle1.png>
Package pdftex.def Info: settle1.png used on input line 54.
(pdftex.def)             Requested size: 211.38832pt x 140.92703pt.

<settle2.png, id=21, 433.62pt x 289.08pt>
File: settle2.png Graphic file (type png)
 <use settle2.png>
Package pdftex.def Info: settle2.png used on input line 55.
(pdftex.def)             Requested size: 211.38832pt x 140.92703pt.

<RaceTable.PNG, id=22, 1606.0pt x 336.25626pt>
File: RaceTable.PNG Graphic file (type png)
 <use RaceTable.PNG>
Package pdftex.def Info: RaceTable.PNG used on input line 64.
(pdftex.def)             Requested size: 399.29463pt x 83.60208pt.
 [3 <./settle1.png> <./settle2.png> <./RaceTable.PNG>]
<ages.png, id=28, 421.575pt x 374.39874pt>
File: ages.png Graphic file (type png)
 <use ages.png>
Package pdftex.def Info: ages.png used on input line 72.
(pdftex.def)             Requested size: 399.29463pt x 354.6199pt.

<alleg_scatter.png, id=29, 433.62pt x 289.08pt>
File: alleg_scatter.png Graphic file (type png)
 <use alleg_scatter.png>
Package pdftex.def Info: alleg_scatter.png used on input line 80.
(pdftex.def)             Requested size: 211.38832pt x 140.92703pt.


LaTeX Warning: `!h' float specifier changed to `!ht'.

[4 <./ages.png (PNG copy)>] <cluster.png, id=33, 955.57pt x 870.25125pt>
File: cluster.png Graphic file (type png)

<use cluster.png>
Package pdftex.def Info: cluster.png used on input line 91.
(pdftex.def)             Requested size: 211.38832pt x 192.5049pt.
 <cluster2.png, id=34, 968.61874pt x 894.34125pt>
File: cluster2.png Graphic file (type png)

<use cluster2.png>
Package pdftex.def Info: cluster2.png used on input line 92.
(pdftex.def)             Requested size: 211.38832pt x 195.17268pt.
 <settb.png, id=35, 773.89125pt x 549.05125pt>
File: settb.png Graphic file (type png)

<use settb.png>
Package pdftex.def Info: settb.png used on input line 99.
(pdftex.def)             Requested size: 234.8775pt x 166.63516pt.
 <awards.png, id=36, 784.9325pt x 587.19376pt>
File: awards.png Graphic file (type png)
 <use awards.png>
Package pdftex.def Info: awards.png used on input line 100.
(pdftex.def)             Requested size: 234.8775pt x 175.70253pt.

Overfull \hbox (2.43332pt too wide) in paragraph at lines 99--101
[][] [] 
 []

[5 <./alleg_scatter.png> <./cluster.png (PNG copy)> <./cluster2.png (PNG copy)>
] <predicted.png, id=41, 761.84625pt x 563.10374pt>
File: predicted.png Graphic file (type png)
 <use predicted.png>
Package pdftex.def Info: predicted.png used on input line 115.
(pdftex.def)             Requested size: 234.8775pt x 173.59802pt.

<actual2.png, id=42, 740.7675pt x 557.08125pt>
File: actual2.png Graphic file (type png)
 <use actual2.png>
Package pdftex.def Info: actual2.png used on input line 116.
(pdftex.def)             Requested size: 234.8775pt x 176.62907pt.

Overfull \hbox (2.43332pt too wide) in paragraph at lines 115--117
[][] [] 
 []


LaTeX Warning: `h' float specifier changed to `ht'.

[6 <./settb.png (PNG copy)> <./awards.png (PNG copy)>]
<pred.png, id=46, 412.54124pt x 266.9975pt>
File: pred.png Graphic file (type png)
 <use pred.png>
Package pdftex.def Info: pred.png used on input line 128.
(pdftex.def)             Requested size: 234.8775pt x 152.01495pt.

<error.png, id=47, 399.4925pt x 266.9975pt>
File: error.png Graphic file (type png)
 <use error.png>
Package pdftex.def Info: error.png used on input line 129.
(pdftex.def)             Requested size: 234.8775pt x 156.98122pt.

Overfull \hbox (2.43332pt too wide) in paragraph at lines 128--130
[][] [] 
 []

[7 <./predicted.png (PNG copy)> <./actual2.png (PNG copy)> <./pred.png> <./erro
r.png>] <plot1.png, id=54, 575.14874pt x 652.4375pt>
File: plot1.png Graphic file (type png)
 <use plot1.png>
Package pdftex.def Info: plot1.png used on input line 139.
(pdftex.def)             Requested size: 234.8775pt x 266.43587pt.

<plot2.png, id=55, 525.965pt x 633.36626pt>
File: plot2.png Graphic file (type png)
 <use plot2.png>
Package pdftex.def Info: plot2.png used on input line 140.
(pdftex.def)             Requested size: 234.8775pt x 282.83769pt.

Overfull \hbox (2.43332pt too wide) in paragraph at lines 139--141
[][] [] 
 []

Missing character: There is no â in font cmr10!
Missing character: There is no € in font cmr10!
Missing character: There is no ™ in font cmr10!
Missing character: There is no â in font cmr10!
Missing character: There is no € in font cmr10!
Missing character: There is no ™ in font cmr10!
Missing character: There is no â in font cmr10!
Missing character: There is no € in font cmr10!
Missing character: There is no ™ in font cmr10!
<scatter.png, id=56, 780.9175pt x 712.6625pt>
File: scatter.png Graphic file (type png)
 <use scatter.png>
Package pdftex.def Info: scatter.png used on input line 149.
(pdftex.def)             Requested size: 352.31625pt x 321.5216pt.


LaTeX Warning: `h' float specifier changed to `ht'.

[8 <./plot1.png> <./plot2.png>] <costline.png, id=62, 975.645pt x 382.42876pt>
File: costline.png Graphic file (type png)

<use costline.png>
Package pdftex.def Info: costline.png used on input line 156.
(pdftex.def)             Requested size: 469.75502pt x 184.13557pt.


LaTeX Warning: `h' float specifier changed to `ht'.

[9 <./scatter.png>] [10 <./costline.png (PNG copy)>] (./report.aux) ) 
Here is how much of TeX's memory you used:
 3376 strings out of 494910
 49217 string characters out of 6179835
 130004 words of memory out of 5000000
 6620 multiletter control sequences out of 15000+600000
 7580 words of font info for 27 fonts, out of 8000000 for 9000
 36 hyphenation exceptions out of 8191
 38i,6n,40p,1181b,228s stack positions out of 5000i,500n,10000p,200000b,80000s
</usr/shar
e/texlive/texmf-dist/fonts/type1/public/amsfonts/cm/cmbx12.pfb></usr/share/texl
ive/texmf-dist/fonts/type1/public/amsfonts/cm/cmr10.pfb></usr/share/texlive/tex
mf-dist/fonts/type1/public/amsfonts/cm/cmr12.pfb></usr/share/texlive/texmf-dist
/fonts/type1/public/amsfonts/cm/cmr17.pfb>
Output written on report.pdf (10 pages, 1530559 bytes).
PDF statistics:
 85 PDF objects out of 1000 (max. 8388607)
 37 compressed objects within 1 object stream
 0 named destinations out of 1000 (max. 500000)
 101 words of extra memory for PDF output out of 10000 (max. 10000000)

